<?xml version="1.0" encoding="UTF-8"?>
<!-- Generated by org.testng.reporters.JUnitXMLReporter -->
<testsuite ignored="0" hostname="OJAS00271" failures="0" tests="4" name="Test" time="0.049" errors="0" timestamp="2021-05-12T21:26:25 IST">
  <testcase classname="Learning.BatchExecution" name="test10" time="0.005"/>
  <testcase classname="Learning.BasicTestNG" name="test" time="0.001"/>
  <testcase classname="Learning.BasicTestNG" name="Test11" time="0.001"/>
  <testcase classname="Learning.BatchExecution1" name="test12" time="0.001"/>
</testsuite> <!-- Test -->
