<?xml version="1.0" encoding="UTF-8"?>
<testng-results ignored="0" total="1" passed="1" failed="0" skipped="0">
  <reporter-output>
  </reporter-output>
  <suite started-at="2021-05-18T11:28:42 IST" name="Default suite" finished-at="2021-05-18T11:28:59 IST" duration-ms="16425">
    <groups>
    </groups>
    <test started-at="2021-05-18T11:28:42 IST" name="Default test" finished-at="2021-05-18T11:28:59 IST" duration-ms="16425">
      <class name="Learning.TestCase_1">
        <test-method signature="test()[pri:0, instance:Learning.TestCase_1@6ab778a]" started-at="2021-05-18T11:28:43 IST" name="test" finished-at="2021-05-18T11:28:59 IST" duration-ms="16376" status="PASS">
          <reporter-output>
          </reporter-output>
        </test-method> <!-- test -->
      </class> <!-- Learning.TestCase_1 -->
    </test> <!-- Default test -->
  </suite> <!-- Default suite -->
</testng-results>
